Build started 26-04-2019 11:09:37.
     1>Project "D:\Gianpaolo\ARoS_ROS_interface_DEPS\AmtecLWArm\build\YarpCommunication\YarpCommunication.vcxproj" on node 3 (build target(s)).
     1>InitializeBuildStatus:
         Creating "YarpCommunication.dir\Debug\YarpCommunication.unsuccessfulbuild" because "AlwaysCreate" was specified.
       CustomBuild:
         All outputs are up-to-date.
       ClCompile:
         C:\Programas\Microsoft Visual Studio 10.0\VC\bin\CL.exe /c /IC:/local/boost_1_57_0 /ID:/Gianpaolo/ARoS_ROS_interface_DEPS/AmtecLWArm/Arm /ID:/Gianpaolo/ARoS_ROS_interface_DEPS/AmtecLWArm/build /ID:/Gianpaolo/ARoS_ROS_interface_DEPS/AmtecLWArm/Communications /ID:/Gianpaolo/ARoS_ROS_interface_DEPS/AmtecLWArm/config /ID:/Gianpaolo/ARoS_ROS_interface_DEPS/AmtecLWArm/Core /ID:/Gianpaolo/ARoS_ROS_interface_DEPS/Hardware/YARP_Modules/amtec_lwa_7dof /ID:/Gianpaolo/ARoS_ROS_interface_DEPS/Hardware/YARP_Modules/barrett_hand_826X /ID:/Gianpaolo/ARoS_ROS_interface_DEPS/Hardware/YARP_Modules/serial_asio /ID:/Gianpaolo/ARoS_ROS_interface_DEPS/Hardware/YARP_Wrappers/Amtec_PStepServer/include /ID:/Gianpaolo/ARoS_ROS_interface_DEPS/Hardware/YARP_Wrappers/Amtec_PStepServer/src /IC:/local/ACE_wrappers /IC:/local/YARP/include /ID:/Gianpaolo/ARoS_ROS_interface_DEPS/Libraries/Utilities /ID:/Gianpaolo/ARoS_ROS_interface_DEPS/Libraries/Utilities/include /ID:/Gianpaolo/ARoS_ROS_interface_DEPS/Libraries/FilesDirs /ID:/Gianpaolo/ARoS_ROS_interface_DEPS/Libraries/FilesDirs/include /ID:/Gianpaolo/ARoS_ROS_interface_DEPS/YarpCommunication/cpp /ID:/Gianpaolo/ARoS_ROS_interface_DEPS/YarpCommunication/cpp/include /ID:/Gianpaolo/ARoS_ROS_interface_DEPS/YarpCommunication/cpp/src /Zi /nologo /W3 /WX- /Od /Ob0 /Oy- /D WIN32 /D _WINDOWS /D _DEBUG /D USE_YARP /D USE_YARP /D UNICODE /D _UNICODE /D USE_Utilities /D UNICODE /D _UNICODE /D USE_FilesDirs /D USE_YARP /D USE_YARP /D _CRT_SECURE_NO_WARNINGS /D WINVER=0x0501 /D NTDDI_VERSION=NTDDI_WINXP /D _WIN32_WINNT=0x0501 /D "CMAKE_INTDIR=\"Debug\"" /D _UNICODE /D UNICODE /Gm- /EHsc /RTC1 /MDd /GS /fp:precise /Zc:wchar_t /Zc:forScope /GR /Fo"YarpCommunication.dir\Debug\\" /Fd"D:/Gianpaolo/ARoS_ROS_interface_DEPS/AmtecLWArm/build/YarpCommunication/Debug/YarpCommunication.pdb" /Gd /TP /analyze- /errorReport:prompt ..\..\..\YarpCommunication\cpp\src\Message.cpp ..\..\..\YarpCommunication\cpp\src\YarpCommBase.cpp ..\..\..\YarpCommunication\cpp\src\YarpCommunication.cpp ..\..\..\YarpCommunication\cpp\src\YarpConnector.cpp
         Message.cpp
         YarpCommBase.cpp
         YarpCommunication.cpp
         YarpConnector.cpp
         Generating Code...
       Lib:
         C:\Programas\Microsoft Visual Studio 10.0\VC\bin\Lib.exe /OUT:"D:\Gianpaolo\ARoS_ROS_interface_DEPS\AmtecLWArm\build\YarpCommunication\Debug\YarpCommunication.lib" /NOLOGO YarpCommunication.dir\Debug\Message.obj
         YarpCommunication.dir\Debug\YarpCommBase.obj
         YarpCommunication.dir\Debug\YarpCommunication.obj
         YarpCommunication.dir\Debug\YarpConnector.obj
         YarpCommunication.vcxproj -> D:\Gianpaolo\ARoS_ROS_interface_DEPS\AmtecLWArm\build\YarpCommunication\Debug\YarpCommunication.lib
       FinalizeBuildStatus:
         Deleting file "YarpCommunication.dir\Debug\YarpCommunication.unsuccessfulbuild".
         Touching "YarpCommunication.dir\Debug\YarpCommunication.lastbuildstate".
     1>Done Building Project "D:\Gianpaolo\ARoS_ROS_interface_DEPS\AmtecLWArm\build\YarpCommunication\YarpCommunication.vcxproj" (build target(s)).

Build succeeded.

Time Elapsed 00:00:03.46
