Build started 26-04-2019 11:09:41.
     1>Project "D:\Gianpaolo\ARoS_ROS_interface_DEPS\AmtecLWArm\build\AmtecLWArm.vcxproj" on node 2 (build target(s)).
     1>InitializeBuildStatus:
         Creating "AmtecLWArm.dir\Debug\AmtecLWArm.unsuccessfulbuild" because "AlwaysCreate" was specified.
       CustomBuild:
         All outputs are up-to-date.
       ClCompile:
         C:\Programas\Microsoft Visual Studio 10.0\VC\bin\CL.exe /c /IC:/local/boost_1_57_0 /ID:/Gianpaolo/ARoS_ROS_interface_DEPS/AmtecLWArm/Arm /ID:/Gianpaolo/ARoS_ROS_interface_DEPS/AmtecLWArm/build /ID:/Gianpaolo/ARoS_ROS_interface_DEPS/AmtecLWArm/Communications /ID:/Gianpaolo/ARoS_ROS_interface_DEPS/AmtecLWArm/config /ID:/Gianpaolo/ARoS_ROS_interface_DEPS/AmtecLWArm/Core /ID:/Gianpaolo/ARoS_ROS_interface_DEPS/Hardware/YARP_Modules/amtec_lwa_7dof /ID:/Gianpaolo/ARoS_ROS_interface_DEPS/Hardware/YARP_Modules/barrett_hand_826X /ID:/Gianpaolo/ARoS_ROS_interface_DEPS/Hardware/YARP_Modules/serial_asio /ID:/Gianpaolo/ARoS_ROS_interface_DEPS/Hardware/YARP_Wrappers/Amtec_PStepServer/include /ID:/Gianpaolo/ARoS_ROS_interface_DEPS/Hardware/YARP_Wrappers/Amtec_PStepServer/src /IC:/local/ACE_wrappers /IC:/local/YARP/include /ID:/Gianpaolo/ARoS_ROS_interface_DEPS/Libraries/Utilities /ID:/Gianpaolo/ARoS_ROS_interface_DEPS/Libraries/Utilities/include /ID:/Gianpaolo/ARoS_ROS_interface_DEPS/Libraries/FilesDirs /ID:/Gianpaolo/ARoS_ROS_interface_DEPS/Libraries/FilesDirs/include /ID:/Gianpaolo/ARoS_ROS_interface_DEPS/YarpCommunication/cpp /ID:/Gianpaolo/ARoS_ROS_interface_DEPS/YarpCommunication/cpp/include /Zi /nologo /W3 /WX- /Od /Ob0 /Oy- /D WIN32 /D _WINDOWS /D _DEBUG /D USE_YARP /D USE_YARP /D UNICODE /D _UNICODE /D USE_Utilities /D UNICODE /D _UNICODE /D USE_FilesDirs /D USE_YARP /D UNICODE /D _UNICODE /D USE_YarpCommunication /D "CMAKE_INTDIR=\"Debug\"" /D _UNICODE /D UNICODE /Gm- /EHsc /RTC1 /MDd /GS /fp:precise /Zc:wchar_t /Zc:forScope /GR /Fo"AmtecLWArm.dir\Debug\\" /Fd"D:/Gianpaolo/ARoS_ROS_interface_DEPS/AmtecLWArm/build/Debug/AmtecLWArm.pdb" /Gd /TP /analyze- /errorReport:prompt ..\..\Hardware\YARP_Modules\amtec_lwa_7dof\AmtecLWA7dof.cpp ..\..\Hardware\YARP_Modules\barrett_hand_826X\barrett_hand_826X.cpp ..\..\Hardware\YARP_Modules\serial_asio\serial_asio.cpp ..\Arm\ArmMovements.cpp ..\Arm\ArmMovements_ARoS.cpp ..\Arm\ArmMovements_Dumbo.cpp ..\Arm\ArmMovements_Jumbo.cpp ..\Arm\WrapperAmtecArm.cpp ..\Communications\YarpCommunicationServerAmtecLWArm.cpp ..\Core\AmtecLWArm.cpp  /Zm1000 
         AmtecLWA7dof.cpp
     1>..\..\Hardware\YARP_Modules\amtec_lwa_7dof\AmtecLWA7dof.cpp(26): warning C4996: 'getenv': This function or variable may be unsafe. Consider using _dupenv_s instead. To disable deprecation, use _CRT_SECURE_NO_WARNINGS. See online help for details.
                 C:\Programas\Microsoft Visual Studio 10.0\VC\include\stdlib.h(433) : see declaration of 'getenv'
         barrett_hand_826X.cpp
         Please define _WIN32_WINNT or _WIN32_WINDOWS appropriately. For example:
         - add -D_WIN32_WINNT=0x0501 to the compiler command line; or
         - add _WIN32_WINNT=0x0501 to your project's Preprocessor Definitions.
         Assuming _WIN32_WINNT=0x0501 (i.e. Windows XP target).
     1>..\..\Hardware\YARP_Modules\barrett_hand_826X\barrett_hand_826X.cpp(670): warning C4996: 'sscanf': This function or variable may be unsafe. Consider using sscanf_s instead. To disable deprecation, use _CRT_SECURE_NO_WARNINGS. See online help for details.
                 C:\Programas\Microsoft Visual Studio 10.0\VC\include\stdio.h(325) : see declaration of 'sscanf'
     1>C:\Programas\Microsoft Visual Studio 10.0\VC\include\xutility(2391): warning C4996: 'std::_Copy_n': Function call with parameters that may be unsafe - this call relies on the caller to check that the passed values are correct. To disable this warning, use -D_SCL_SECURE_NO_WARNINGS. See documentation on how to use Visual C++ 'Checked Iterators'
                 C:\Programas\Microsoft Visual Studio 10.0\VC\include\xutility(2372) : see declaration of 'std::_Copy_n'
                 C:\Programas\Microsoft Visual Studio 10.0\VC\include\xutility(2402) : see reference to function template instantiation '_OutIt std::copy_n<std::_Array_iterator<_Ty,_Size>,_Diff,_OutIt>(_InIt,_Diff,_OutIt)' being compiled
                 with
                 [
                     _OutIt=char *,
                     _Ty=char,
                     _Size=8,
                     _Diff=int,
                     _InIt=std::_Array_iterator<char,8>
                 ]
                 ..\..\Hardware\YARP_Modules\barrett_hand_826X\barrett_hand_826X.cpp(484) : see reference to function template instantiation '_OutIt std::copy_n<char,8,int,char*>(_InTy (&)[8],_Diff,_OutIt)' being compiled
                 with
                 [
                     _OutIt=char *,
                     _InTy=char,
                     _Diff=int
                 ]
         serial_asio.cpp
         Please define _WIN32_WINNT or _WIN32_WINDOWS appropriately. For example:
         - add -D_WIN32_WINNT=0x0501 to the compiler command line; or
         - add _WIN32_WINNT=0x0501 to your project's Preprocessor Definitions.
         Assuming _WIN32_WINNT=0x0501 (i.e. Windows XP target).
         ArmMovements.cpp
         ArmMovements_ARoS.cpp
         ArmMovements_Dumbo.cpp
         ArmMovements_Jumbo.cpp
         WrapperAmtecArm.cpp
         YarpCommunicationServerAmtecLWArm.cpp
         AmtecLWArm.cpp
         Generating Code...
     1>d:\gianpaolo\aros_ros_interface_deps\hardware\yarp_modules\barrett_hand_826x\barrett_hand_826x.cpp(589): warning C4715: 'yarp::dev::BarrettHand826X::getGainVelocity' : not all control paths return a value
       ManifestResourceCompile:
         All outputs are up-to-date.
       Link:
         C:\Programas\Microsoft Visual Studio 10.0\VC\bin\link.exe /ERRORREPORT:PROMPT /OUT:"D:\Gianpaolo\ARoS_ROS_interface_DEPS\AmtecLWArm\build\Debug\AmtecLWArm.exe" /INCREMENTAL /NOLOGO /LIBPATH:"C:/local/boost_1_57_0/lib32-msvc-10.0" /LIBPATH:"C:/local/boost_1_57_0/lib32-msvc-10.0/Debug" /LIBPATH:D:/Gianpaolo/ARoS_ROS_interface_DEPS/Hardware/YARP_Modules/amtec_lwa_7dof/lib /LIBPATH:D:/Gianpaolo/ARoS_ROS_interface_DEPS/Hardware/YARP_Modules/amtec_lwa_7dof/lib/Debug /LIBPATH:C:/local/ACE_wrappers/lib /LIBPATH:C:/local/ACE_wrappers/lib/Debug /LIBPATH:D:/Gianpaolo/ARoS_ROS_interface_DEPS/AmtecLWArm/build/Utilities /LIBPATH:D:/Gianpaolo/ARoS_ROS_interface_DEPS/AmtecLWArm/build/Utilities/Debug /LIBPATH:D:/Gianpaolo/ARoS_ROS_interface_DEPS/AmtecLWArm/build/FilesDirs /LIBPATH:D:/Gianpaolo/ARoS_ROS_interface_DEPS/AmtecLWArm/build/FilesDirs/Debug /LIBPATH:D:/Gianpaolo/ARoS_ROS_interface_DEPS/AmtecLWArm/build/YarpCommunication /LIBPATH:D:/Gianpaolo/ARoS_ROS_interface_DEPS/AmtecLWArm/build/YarpCommunication/Debug kernel32.lib user32.lib gdi32.lib winspool.lib shell32.lib ole32.lib oleaut32.lib uuid.lib comdlg32.lib advapi32.lib D:\Gianpaolo\ARoS_ROS_interface_DEPS\Hardware\YARP_Modules\amtec_lwa_7dof\lib\m5apiw32.lib C:\local\ACE_wrappers\lib\ACEd.lib C:\local\YARP\lib\YARP_OSd.lib C:\local\YARP\lib\YARP_sigd.lib C:\local\YARP\lib\YARP_devd.lib C:\local\YARP\lib\YARP_named.lib C:\local\YARP\lib\YARP_initd.lib C:\local\YARP\lib\YARP_OSd.lib C:\local\YARP\lib\YARP_sigd.lib C:\local\YARP\lib\YARP_devd.lib C:\local\YARP\lib\YARP_named.lib C:\local\YARP\lib\YARP_initd.lib Utilities\Debug\Utilities.lib C:\local\YARP\lib\YARP_OSd.lib C:\local\YARP\lib\YARP_sigd.lib C:\local\YARP\lib\YARP_devd.lib C:\local\YARP\lib\YARP_named.lib C:\local\YARP\lib\YARP_initd.lib FilesDirs\MutexWrapper\Debug\MutexWrapper.lib Utilities\Debug\Utilities.lib FilesDirs\Debug\FilesDirs.lib C:\local\YARP\lib\YARP_OSd.lib C:\local\YARP\lib\YARP_sigd.lib C:\local\YARP\lib\YARP_devd.lib C:\local\YARP\lib\YARP_named.lib C:\local\YARP\lib\YARP_initd.lib C:\local\YARP\lib\YARP_OSd.lib C:\local\YARP\lib\YARP_sigd.lib C:\local\YARP\lib\YARP_devd.lib C:\local\YARP\lib\YARP_named.lib C:\local\YARP\lib\YARP_initd.lib YarpCommunication\Debug\YarpCommunication.lib FilesDirs\Debug\FilesDirs.lib FilesDirs\MutexWrapper\Debug\MutexWrapper.lib Utilities\Debug\Utilities.lib C:\local\YARP\lib\YARP_devd.lib C:\local\YARP\lib\YARP_sigd.lib C:\local\YARP\lib\YARP_named.lib C:\local\YARP\lib\YARP_initd.lib C:\local\YARP\lib\YARP_OSd.lib C:\local\ACE_wrappers\lib\ACEd.lib winmm.lib /MANIFEST /ManifestFile:"AmtecLWArm.dir\Debug\AmtecLWArm.exe.intermediate.manifest" /MANIFESTUAC:"level='asInvoker' uiAccess='false'" /DEBUG /PDB:"D:/Gianpaolo/ARoS_ROS_interface_DEPS/AmtecLWArm/build/Debug/AmtecLWArm.pdb" /SUBSYSTEM:CONSOLE /STACK:"10000000" /TLBID:1 /DYNAMICBASE /NXCOMPAT /IMPLIB:"D:/Gianpaolo/ARoS_ROS_interface_DEPS/AmtecLWArm/build/Debug/AmtecLWArm.lib" /MACHINE:X86 AmtecLWArm.dir\Debug\AmtecLWArm.exe.embed.manifest.res
         AmtecLWArm.dir\Debug\ArmMovements.obj
         AmtecLWArm.dir\Debug\ArmMovements_ARoS.obj
         AmtecLWArm.dir\Debug\ArmMovements_Dumbo.obj
         AmtecLWArm.dir\Debug\ArmMovements_Jumbo.obj
         AmtecLWArm.dir\Debug\WrapperAmtecArm.obj
         AmtecLWArm.dir\Debug\YarpCommunicationServerAmtecLWArm.obj
         AmtecLWArm.dir\Debug\AmtecLWArm.obj
         AmtecLWArm.dir\Debug\ConsoleManagement.obj
         AmtecLWArm.dir\Debug\StdAfx.obj
         AmtecLWArm.dir\Debug\AmtecLWA7dof.obj
         AmtecLWArm.dir\Debug\barrett_hand_826X.obj
         AmtecLWArm.dir\Debug\serial_asio.obj
         AmtecLWArm.dir\Debug\AmtecPStepServer.obj  /machine:X86 /debug 
            Creating library D:/Gianpaolo/ARoS_ROS_interface_DEPS/AmtecLWArm/build/Debug/AmtecLWArm.lib and object D:/Gianpaolo/ARoS_ROS_interface_DEPS/AmtecLWArm/build/Debug/AmtecLWArm.exp
       Manifest:
         C:\Programas\Microsoft SDKs\Windows\v7.0A\bin\mt.exe /nologo /verbose /out:"AmtecLWArm.dir\Debug\AmtecLWArm.exe.embed.manifest" /manifest AmtecLWArm.dir\Debug\AmtecLWArm.exe.intermediate.manifest
         All outputs are up-to-date.
       LinkEmbedManifest:
         All outputs are up-to-date.
         AmtecLWArm.vcxproj -> D:\Gianpaolo\ARoS_ROS_interface_DEPS\AmtecLWArm\build\Debug\AmtecLWArm.exe
       FinalizeBuildStatus:
         Deleting file "AmtecLWArm.dir\Debug\AmtecLWArm.unsuccessfulbuild".
         Touching "AmtecLWArm.dir\Debug\AmtecLWArm.lastbuildstate".
     1>Done Building Project "D:\Gianpaolo\ARoS_ROS_interface_DEPS\AmtecLWArm\build\AmtecLWArm.vcxproj" (build target(s)).

Build succeeded.

Time Elapsed 00:00:51.31
