Build started 26-04-2019 10:25:47.
     1>Project "D:\Gianpaolo\ARoS_ROS_interface_DEPS\AmtecLWArm\build\Utilities\Utilities.vcxproj" on node 3 (build target(s)).
     1>PrepareForBuild:
         Creating directory "D:\Gianpaolo\ARoS_ROS_interface_DEPS\AmtecLWArm\build\Utilities\Debug\".
       InitializeBuildStatus:
         Creating "Utilities.dir\Debug\Utilities.unsuccessfulbuild" because "AlwaysCreate" was specified.
       CustomBuild:
         Building Custom Rule D:/Gianpaolo/ARoS_ROS_interface_DEPS/Libraries/Utilities/CMakeLists.txt
         CMake does not need to re-run because D:\Gianpaolo\ARoS_ROS_interface_DEPS\AmtecLWArm\build\Utilities\CMakeFiles\generate.stamp is up-to-date.
       ClCompile:
         C:\Programas\Microsoft Visual Studio 10.0\VC\bin\CL.exe /c /IC:/local/boost_1_57_0 /ID:/Gianpaolo/ARoS_ROS_interface_DEPS/AmtecLWArm/Arm /ID:/Gianpaolo/ARoS_ROS_interface_DEPS/AmtecLWArm/build /ID:/Gianpaolo/ARoS_ROS_interface_DEPS/AmtecLWArm/Communications /ID:/Gianpaolo/ARoS_ROS_interface_DEPS/AmtecLWArm/config /ID:/Gianpaolo/ARoS_ROS_interface_DEPS/AmtecLWArm/Core /ID:/Gianpaolo/ARoS_ROS_interface_DEPS/Hardware/YARP_Modules/amtec_lwa_7dof /ID:/Gianpaolo/ARoS_ROS_interface_DEPS/Hardware/YARP_Modules/barrett_hand_826X /ID:/Gianpaolo/ARoS_ROS_interface_DEPS/Hardware/YARP_Modules/serial_asio /ID:/Gianpaolo/ARoS_ROS_interface_DEPS/Hardware/YARP_Wrappers/Amtec_PStepServer/include /ID:/Gianpaolo/ARoS_ROS_interface_DEPS/Hardware/YARP_Wrappers/Amtec_PStepServer/src /IC:/local/ACE_wrappers /IC:/local/YARP/include /ID:/Gianpaolo/ARoS_ROS_interface_DEPS/Libraries/Utilities /ID:/Gianpaolo/ARoS_ROS_interface_DEPS/Libraries/Utilities/include /ID:/Gianpaolo/ARoS_ROS_interface_DEPS/Libraries/Utilities/src /Zi /nologo /W3 /WX- /Od /Ob0 /Oy- /D WIN32 /D _WINDOWS /D _DEBUG /D USE_YARP /D USE_YARP /D _CRT_SECURE_NO_WARNINGS /D WINVER=0x0501 /D NTDDI_VERSION=NTDDI_WINXP /D _WIN32_WINNT=0x0501 /D "CMAKE_INTDIR=\"Debug\"" /D _MBCS /Gm- /EHsc /RTC1 /MDd /GS /fp:precise /Zc:wchar_t /Zc:forScope /GR /Fo"Utilities.dir\Debug\\" /Fd"D:/Gianpaolo/ARoS_ROS_interface_DEPS/AmtecLWArm/build/Utilities/Debug/Utilities.pdb" /Gd /TP /analyze- /errorReport:prompt ..\..\..\Libraries\Utilities\src\EnvironmentVars.cpp ..\..\..\Libraries\Utilities\src\string_operations.cpp
         EnvironmentVars.cpp
         string_operations.cpp
         Generating Code...
       Lib:
         C:\Programas\Microsoft Visual Studio 10.0\VC\bin\Lib.exe /OUT:"D:\Gianpaolo\ARoS_ROS_interface_DEPS\AmtecLWArm\build\Utilities\Debug\Utilities.lib" /NOLOGO Utilities.dir\Debug\EnvironmentVars.obj
         Utilities.dir\Debug\string_operations.obj
         Utilities.vcxproj -> D:\Gianpaolo\ARoS_ROS_interface_DEPS\AmtecLWArm\build\Utilities\Debug\Utilities.lib
       FinalizeBuildStatus:
         Deleting file "Utilities.dir\Debug\Utilities.unsuccessfulbuild".
         Touching "Utilities.dir\Debug\Utilities.lastbuildstate".
     1>Done Building Project "D:\Gianpaolo\ARoS_ROS_interface_DEPS\AmtecLWArm\build\Utilities\Utilities.vcxproj" (build target(s)).

Build succeeded.

Time Elapsed 00:00:01.78
