Compilazione avviata 20/02/2019 14:20:27.
Progetto "C:\ARoS_ROS_interface_DEPS\PHRI\build\DataShare\DataShare.vcxproj" sul nodo 2 (destinazioni: build).
PrepareForBuild:
  Creazione directory "C:\ARoS_ROS_interface_DEPS\PHRI\build\DataShare\Debug\".
InitializeBuildStatus:
  Creazione di "DataShare.dir\Debug\DataShare.unsuccessfulbuild". È stato specificato "AlwaysCreate".
CustomBuild:
  Building Custom Rule C:/ARoS_ROS_interface_DEPS/Libraries/DataShare/CMakeLists.txt
  CMake does not need to re-run because C:/ARoS_ROS_interface_DEPS/PHRI/build/DataShare/CMakeFiles/generate.stamp is up-to-date.
ClCompile:
  C:\Programmi\Microsoft Visual Studio 10.0\VC\bin\CL.exe /c /IC:\local\ACE_wrappers /IC:\local\YARP\include /IC:\ARoS_ROS_interface_DEPS\Libraries\DataShare /IC:\ARoS_ROS_interface_DEPS\Libraries\DataShare\include /IC:\ARoS_ROS_interface_DEPS\Libraries\DataShare\src /Zi /nologo /W3 /WX- /Od /Ob0 /Oy- /D WIN32 /D _WINDOWS /D USE_YARP /D _CRT_SECURE_NO_WARNINGS /D WINVER=0x0501 /D NTDDI_VERSION=NTDDI_WINXP /D _WIN32_WINNT=0x0501 /D "CMAKE_INTDIR=\"Debug\"" /D _MBCS /Gm- /EHsc /RTC1 /MDd /GS /fp:precise /Zc:wchar_t /Zc:forScope /GR /Fo"DataShare.dir\Debug\\" /Fd"DataShare.dir\Debug\vc100.pdb" /Gd /TP /analyze- /errorReport:prompt ..\..\..\Libraries\DataShare\src\Object.cpp ..\..\..\Libraries\DataShare\src\Robot.cpp ..\..\..\Libraries\DataShare\src\RobotBase.cpp
  Object.cpp
  Robot.cpp
  RobotBase.cpp
  Generazione del codice in corso...
Lib:
  C:\Programmi\Microsoft Visual Studio 10.0\VC\bin\Lib.exe /OUT:"C:\ARoS_ROS_interface_DEPS\PHRI\build\DataShare\Debug\DataShare.lib" /NOLOGO DataShare.dir\Debug\Object.obj
  DataShare.dir\Debug\Robot.obj
  DataShare.dir\Debug\RobotBase.obj  /machine:X86
  DataShare.vcxproj -> C:\ARoS_ROS_interface_DEPS\PHRI\build\DataShare\Debug\DataShare.lib
FinalizeBuildStatus:
  Eliminazione del file "DataShare.dir\Debug\DataShare.unsuccessfulbuild" in corso.
  Aggiornamento timestamp di "DataShare.dir\Debug\DataShare.lastbuildstate".
Compilazione progetto "C:\ARoS_ROS_interface_DEPS\PHRI\build\DataShare\DataShare.vcxproj" (destinazioni: build) completata.

Compilazione completata.

Tempo trascorso 00:00:03.54
